<?xml version="1.0" encoding="UTF-8" standalone="no"?>
<testsuite failures="0" name="cucumber.runtime.formatter.JUnitFormatter" skipped="0" tests="3" time="27.12263">
<testcase classname="NopCommerce Login" name="Nopcommerce Valid Login Test" time="13.652181">
<system-out><![CDATA[Given User able to open Browser.............................................passed
And Enter an Url............................................................passed
When User click on Login Link...............................................passed
And User on Login Page and Verify Login page Title..........................passed
Then User enter username and password and click on login button.............passed
Then User is on Home Page and Verify Home page Title........................passed
And User close the browser..................................................passed
]]></system-out>
</testcase>
<testcase classname="NopCommerce Login" name="Nopcommerce Valid Login Test" time="7.054642">
<system-out><![CDATA[Given User able to open Browser.............................................passed
And Enter an Url............................................................passed
When User click on Login Link...............................................passed
And User on Login Page and Verify Login page Title..........................passed
Then User enter "abcd1@gmail.com" and "Test@123" and click on login button..passed
Then User is on Home Page and Verify Home page Title........................passed
And User close the browser..................................................passed
]]></system-out>
</testcase>
<testcase classname="NopCommerce Login" name="Nopcommerce Valid Login Test" time="6.415807">
<system-out><![CDATA[Given User able to open Browser.............................................passed
And Enter an Url............................................................passed
When User click on Login Link...............................................passed
And User on Login Page and Verify Login page Title..........................passed
Then User enter USERNAME and PASSWORD and click on login button.............passed
Then User is on Home Page and Verify Home page Title........................passed
And User close the browser..................................................passed
]]></system-out>
</testcase>
</testsuite>
